0 info it worked if it ends with ok
1 verbose cli [ 'node',
1 verbose cli   '/usr/local/bin/npm',
1 verbose cli   '--user=testuser',
1 verbose cli   '--pass=pass',
1 verbose cli   '--port=8081',
1 verbose cli   '--secret=htammath',
1 verbose cli   'start' ]
2 info using npm@1.4.13
3 info using node@v0.10.26
4 verbose run-script [ 'prestart', 'start', 'poststart' ]
5 info prestart mbot-server@
6 info start mbot-server@
7 verbose unsafe-perm in lifecycle true
8 info mbot-server@ Failed to exec start script
9 error mbot-server@ start: `node ./server.js`
9 error Exit status 8
10 error Failed at the mbot-server@ start script.
10 error This is most likely a problem with the mbot-server package,
10 error not with npm itself.
10 error Tell the author that this fails on your system:
10 error     node ./server.js
10 error You can get their info via:
10 error     npm owner ls mbot-server
10 error There is likely additional logging output above.
11 error System Darwin 13.2.0
12 error command "node" "/usr/local/bin/npm" "--user=testuser" "--pass=pass" "--port=8081" "--secret=htammath" "start"
13 error cwd /Users/jon/Desktop/github/mbot-server
14 error node -v v0.10.26
15 error npm -v 1.4.13
16 error code ELIFECYCLE
17 verbose exit [ 1, true ]
